ERROR - 2021-11-21 00:08:42 --> Table 'sistem_presensi_siswa.pelajaran' doesn't exist
CRITICAL - 2021-11-21 00:08:42 --> Table 'sistem_presensi_siswa.pelajaran' doesn't exist
#0 /home/syahrolus/Documents/bdidenpasar/ujikom/sistem_presensi/vendor/codeigniter4/framework/system/Database/MySQLi/Connection.php(292): mysqli->query()
#1 /home/syahrolus/Documents/bdidenpasar/ujikom/sistem_presensi/vendor/codeigniter4/framework/system/Database/BaseConnection.php(670): CodeIgniter\Database\MySQLi\Connection->execute()
#2 /home/syahrolus/Documents/bdidenpasar/ujikom/sistem_presensi/vendor/codeigniter4/framework/system/Database/BaseConnection.php(598): CodeIgniter\Database\BaseConnection->simpleQuery()
#3 /home/syahrolus/Documents/bdidenpasar/ujikom/sistem_presensi/vendor/codeigniter4/framework/system/Database/BaseBuilder.php(1443): CodeIgniter\Database\BaseConnection->query()
#4 /home/syahrolus/Documents/bdidenpasar/ujikom/sistem_presensi/vendor/codeigniter4/framework/system/Model.php(183): CodeIgniter\Database\BaseBuilder->get()
#5 /home/syahrolus/Documents/bdidenpasar/ujikom/sistem_presensi/vendor/codeigniter4/framework/system/BaseModel.php(584): CodeIgniter\Model->doFindAll()
#6 /home/syahrolus/Documents/bdidenpasar/ujikom/sistem_presensi/app/Controllers/Admin.php(19): CodeIgniter\BaseModel->findAll()
#7 /home/syahrolus/Documents/bdidenpasar/ujikom/sistem_presensi/vendor/codeigniter4/framework/system/CodeIgniter.php(824): App\Controllers\Admin->pelajaran()
#8 /home/syahrolus/Documents/bdidenpasar/ujikom/sistem_presensi/vendor/codeigniter4/framework/system/CodeIgniter.php(410): CodeIgniter\CodeIgniter->runController()
#9 /home/syahrolus/Documents/bdidenpasar/ujikom/sistem_presensi/vendor/codeigniter4/framework/system/CodeIgniter.php(318): CodeIgniter\CodeIgniter->handleRequest()
#10 /home/syahrolus/Documents/bdidenpasar/ujikom/sistem_presensi/public/index.php(37): CodeIgniter\CodeIgniter->run()
#11 /home/syahrolus/Documents/bdidenpasar/ujikom/sistem_presensi/vendor/codeigniter4/framework/system/Commands/Server/rewrite.php(43): require_once('/home/syahrolus...')
#12 {main}
ERROR - 2021-11-21 00:09:05 --> Table 'sistem_presensi_siswa.pelajaran' doesn't exist
CRITICAL - 2021-11-21 00:09:05 --> Table 'sistem_presensi_siswa.pelajaran' doesn't exist
#0 /home/syahrolus/Documents/bdidenpasar/ujikom/sistem_presensi/vendor/codeigniter4/framework/system/Database/MySQLi/Connection.php(292): mysqli->query()
#1 /home/syahrolus/Documents/bdidenpasar/ujikom/sistem_presensi/vendor/codeigniter4/framework/system/Database/BaseConnection.php(670): CodeIgniter\Database\MySQLi\Connection->execute()
#2 /home/syahrolus/Documents/bdidenpasar/ujikom/sistem_presensi/vendor/codeigniter4/framework/system/Database/BaseConnection.php(598): CodeIgniter\Database\BaseConnection->simpleQuery()
#3 /home/syahrolus/Documents/bdidenpasar/ujikom/sistem_presensi/vendor/codeigniter4/framework/system/Database/BaseBuilder.php(1443): CodeIgniter\Database\BaseConnection->query()
#4 /home/syahrolus/Documents/bdidenpasar/ujikom/sistem_presensi/vendor/codeigniter4/framework/system/Model.php(183): CodeIgniter\Database\BaseBuilder->get()
#5 /home/syahrolus/Documents/bdidenpasar/ujikom/sistem_presensi/vendor/codeigniter4/framework/system/BaseModel.php(584): CodeIgniter\Model->doFindAll()
#6 /home/syahrolus/Documents/bdidenpasar/ujikom/sistem_presensi/app/Controllers/Admin.php(19): CodeIgniter\BaseModel->findAll()
#7 /home/syahrolus/Documents/bdidenpasar/ujikom/sistem_presensi/vendor/codeigniter4/framework/system/CodeIgniter.php(824): App\Controllers\Admin->pelajaran()
#8 /home/syahrolus/Documents/bdidenpasar/ujikom/sistem_presensi/vendor/codeigniter4/framework/system/CodeIgniter.php(410): CodeIgniter\CodeIgniter->runController()
#9 /home/syahrolus/Documents/bdidenpasar/ujikom/sistem_presensi/vendor/codeigniter4/framework/system/CodeIgniter.php(318): CodeIgniter\CodeIgniter->handleRequest()
#10 /home/syahrolus/Documents/bdidenpasar/ujikom/sistem_presensi/public/index.php(37): CodeIgniter\CodeIgniter->run()
#11 /home/syahrolus/Documents/bdidenpasar/ujikom/sistem_presensi/vendor/codeigniter4/framework/system/Commands/Server/rewrite.php(43): require_once('/home/syahrolus...')
#12 {main}
